[30-Aug-2018 19:51:13 UTC] PHP Warning:  call_user_func_array() expects parameter 1 to be a valid callback, function 'register_enqueue_style' not found or invalid function name in C:\Users\Nydia Caro Ponce\Desktop\press-curriculum\wp-includes\class-wp-hook.php on line 286
[30-Aug-2018 19:51:13 UTC] PHP Warning:  call_user_func_array() expects parameter 1 to be a valid callback, function 'register_enqueue_scripts' not found or invalid function name in C:\Users\Nydia Caro Ponce\Desktop\press-curriculum\wp-includes\class-wp-hook.php on line 286
[30-Aug-2018 19:51:43 UTC] PHP Warning:  call_user_func_array() expects parameter 1 to be a valid callback, function 'register_enqueue_style' not found or invalid function name in C:\Users\Nydia Caro Ponce\Desktop\press-curriculum\wp-includes\class-wp-hook.php on line 286
[30-Aug-2018 19:51:43 UTC] PHP Warning:  call_user_func_array() expects parameter 1 to be a valid callback, function 'register_enqueue_scripts' not found or invalid function name in C:\Users\Nydia Caro Ponce\Desktop\press-curriculum\wp-includes\class-wp-hook.php on line 286
[30-Aug-2018 19:59:57 UTC] PHP Warning:  call_user_func_array() expects parameter 1 to be a valid callback, function 'register_enqueue_style' not found or invalid function name in C:\Users\Nydia Caro Ponce\Desktop\press-curriculum\wp-includes\class-wp-hook.php on line 286
[30-Aug-2018 19:59:57 UTC] PHP Warning:  call_user_func_array() expects parameter 1 to be a valid callback, function 'register_enqueue_scripts' not found or invalid function name in C:\Users\Nydia Caro Ponce\Desktop\press-curriculum\wp-includes\class-wp-hook.php on line 286
[30-Aug-2018 20:04:05 UTC] PHP Warning:  call_user_func_array() expects parameter 1 to be a valid callback, function 'register_enqueue_style' not found or invalid function name in C:\Users\Nydia Caro Ponce\Desktop\press-curriculum\wp-includes\class-wp-hook.php on line 286
[30-Aug-2018 20:04:05 UTC] PHP Warning:  call_user_func_array() expects parameter 1 to be a valid callback, function 'register_enqueue_scripts' not found or invalid function name in C:\Users\Nydia Caro Ponce\Desktop\press-curriculum\wp-includes\class-wp-hook.php on line 286
[30-Aug-2018 20:05:58 UTC] PHP Parse error:  syntax error, unexpected 'true' (T_STRING), expecting ',' or ')' in C:\Users\Nydia Caro Ponce\Desktop\press-curriculum\wp-content\themes\mi-tema\functions.php on line 29
[30-Aug-2018 20:06:37 UTC] PHP Warning:  call_user_func_array() expects parameter 1 to be a valid callback, function 'register_enqueue_style' not found or invalid function name in C:\Users\Nydia Caro Ponce\Desktop\press-curriculum\wp-includes\class-wp-hook.php on line 286
[30-Aug-2018 20:06:37 UTC] PHP Warning:  call_user_func_array() expects parameter 1 to be a valid callback, function 'register_enqueue_scripts' not found or invalid function name in C:\Users\Nydia Caro Ponce\Desktop\press-curriculum\wp-includes\class-wp-hook.php on line 286
[30-Aug-2018 20:07:14 UTC] PHP Warning:  call_user_func_array() expects parameter 1 to be a valid callback, function 'register_enqueue_style' not found or invalid function name in C:\Users\Nydia Caro Ponce\Desktop\press-curriculum\wp-includes\class-wp-hook.php on line 286
[30-Aug-2018 20:07:14 UTC] PHP Warning:  call_user_func_array() expects parameter 1 to be a valid callback, function 'register_enqueue_scripts' not found or invalid function name in C:\Users\Nydia Caro Ponce\Desktop\press-curriculum\wp-includes\class-wp-hook.php on line 286
[30-Aug-2018 20:07:16 UTC] PHP Warning:  call_user_func_array() expects parameter 1 to be a valid callback, function 'register_enqueue_style' not found or invalid function name in C:\Users\Nydia Caro Ponce\Desktop\press-curriculum\wp-includes\class-wp-hook.php on line 286
[30-Aug-2018 20:07:16 UTC] PHP Warning:  call_user_func_array() expects parameter 1 to be a valid callback, function 'register_enqueue_scripts' not found or invalid function name in C:\Users\Nydia Caro Ponce\Desktop\press-curriculum\wp-includes\class-wp-hook.php on line 286
[30-Aug-2018 20:08:00 UTC] PHP Warning:  call_user_func_array() expects parameter 1 to be a valid callback, function 'register_enqueue_style' not found or invalid function name in C:\Users\Nydia Caro Ponce\Desktop\press-curriculum\wp-includes\class-wp-hook.php on line 286
[30-Aug-2018 20:08:00 UTC] PHP Warning:  call_user_func_array() expects parameter 1 to be a valid callback, function 'register_enqueue_scripts' not found or invalid function name in C:\Users\Nydia Caro Ponce\Desktop\press-curriculum\wp-includes\class-wp-hook.php on line 286
[30-Aug-2018 20:09:31 UTC] PHP Warning:  call_user_func_array() expects parameter 1 to be a valid callback, function 'register_enqueue_style' not found or invalid function name in C:\Users\Nydia Caro Ponce\Desktop\press-curriculum\wp-includes\class-wp-hook.php on line 286
[30-Aug-2018 20:09:31 UTC] PHP Warning:  call_user_func_array() expects parameter 1 to be a valid callback, function 'register_enqueue_scripts' not found or invalid function name in C:\Users\Nydia Caro Ponce\Desktop\press-curriculum\wp-includes\class-wp-hook.php on line 286
[04-Sep-2018 21:13:46 UTC] PHP Warning:  mysqli_real_connect(): (HY000/2003): Can't connect to MySQL server on 'localhost' (10061) in C:\Users\Nydia Caro Ponce\Desktop\press-curriculum\wp-includes\wp-db.php on line 1531
[04-Sep-2018 21:13:48 UTC] PHP Warning:  mysqli_real_connect(): (HY000/2003): Can't connect to MySQL server on 'localhost' (10061) in C:\Users\Nydia Caro Ponce\Desktop\press-curriculum\wp-includes\wp-db.php on line 1531
[04-Sep-2018 21:19:51 UTC] PHP Warning:  mysqli_real_connect(): (HY000/2003): Can't connect to MySQL server on 'localhost' (10061) in C:\Users\Nydia Caro Ponce\Desktop\press-curriculum\wp-includes\wp-db.php on line 1531
[04-Sep-2018 21:19:54 UTC] PHP Warning:  mysqli_real_connect(): (HY000/2003): Can't connect to MySQL server on 'localhost' (10061) in C:\Users\Nydia Caro Ponce\Desktop\press-curriculum\wp-includes\wp-db.php on line 1531
[04-Sep-2018 21:20:42 UTC] PHP Warning:  mysqli_real_connect(): (HY000/2003): Can't connect to MySQL server on 'localhost' (10061) in C:\Users\Nydia Caro Ponce\Desktop\press-curriculum\wp-includes\wp-db.php on line 1531
[04-Sep-2018 21:53:12 UTC] PHP Notice:  ob_end_flush(): failed to send buffer of zlib output compression (1) in C:\Users\Nydia Caro Ponce\Desktop\press-curriculum\wp-includes\functions.php on line 3743
[04-Sep-2018 21:53:12 UTC] PHP Notice:  ob_end_flush(): failed to send buffer of zlib output compression (1) in C:\Users\Nydia Caro Ponce\Desktop\press-curriculum\wp-includes\functions.php on line 3743
[04-Sep-2018 22:36:10 UTC] PHP Parse error:  syntax error, unexpected ';', expecting ',' or ')' in C:\Users\Nydia Caro Ponce\Desktop\press-curriculum\wp-content\themes\mi-tema\functions.php on line 12
[04-Sep-2018 23:42:01 UTC] PHP Notice:  ob_end_flush(): failed to send buffer of zlib output compression (1) in C:\Users\Nydia Caro Ponce\Desktop\press-curriculum\wp-includes\functions.php on line 3743
[04-Sep-2018 23:42:01 UTC] PHP Notice:  ob_end_flush(): failed to send buffer of zlib output compression (1) in C:\Users\Nydia Caro Ponce\Desktop\press-curriculum\wp-includes\functions.php on line 3743
[04-Sep-2018 23:42:09 UTC] PHP Notice:  ob_end_flush(): failed to send buffer of zlib output compression (1) in C:\Users\Nydia Caro Ponce\Desktop\press-curriculum\wp-includes\functions.php on line 3743
[04-Sep-2018 23:42:09 UTC] PHP Notice:  ob_end_flush(): failed to send buffer of zlib output compression (1) in C:\Users\Nydia Caro Ponce\Desktop\press-curriculum\wp-includes\functions.php on line 3743
[04-Sep-2018 23:42:24 UTC] PHP Warning:  Ocurrió un error inesperado. Algo debe estar mal con WordPress.org o la configuración de este servidor. Si continúas con problemas, por favor visita los <a href="https://wordpress.org/support/">foros de soporte</a>. (WordPress no pudo establecer una conexión segura a WordPress.org. Por favor contacta al administrador de tu servidor.) in C:\Users\Nydia Caro Ponce\Desktop\press-curriculum\wp-admin\includes\plugin-install.php on line 168
[04-Sep-2018 23:42:29 UTC] PHP Notice:  ob_end_flush(): failed to send buffer of zlib output compression (1) in C:\Users\Nydia Caro Ponce\Desktop\press-curriculum\wp-includes\functions.php on line 3743
[04-Sep-2018 23:42:29 UTC] PHP Notice:  ob_end_flush(): failed to send buffer of zlib output compression (1) in C:\Users\Nydia Caro Ponce\Desktop\press-curriculum\wp-includes\functions.php on line 3743
[04-Sep-2018 23:42:29 UTC] PHP Notice:  ob_end_flush(): failed to send buffer of zlib output compression (1) in C:\Users\Nydia Caro Ponce\Desktop\press-curriculum\wp-includes\functions.php on line 3743
[04-Sep-2018 23:42:29 UTC] PHP Notice:  ob_end_flush(): failed to send buffer of zlib output compression (1) in C:\Users\Nydia Caro Ponce\Desktop\press-curriculum\wp-includes\functions.php on line 3743
[04-Sep-2018 23:42:44 UTC] PHP Notice:  ob_end_flush(): failed to send buffer of zlib output compression (1) in C:\Users\Nydia Caro Ponce\Desktop\press-curriculum\wp-includes\functions.php on line 3743
[04-Sep-2018 23:42:44 UTC] PHP Notice:  ob_end_flush(): failed to send buffer of zlib output compression (1) in C:\Users\Nydia Caro Ponce\Desktop\press-curriculum\wp-includes\functions.php on line 3743
[04-Sep-2018 23:43:18 UTC] PHP Notice:  ob_end_flush(): failed to send buffer of zlib output compression (1) in C:\Users\Nydia Caro Ponce\Desktop\press-curriculum\wp-includes\functions.php on line 3743
[04-Sep-2018 23:43:18 UTC] PHP Notice:  ob_end_flush(): failed to send buffer of zlib output compression (1) in C:\Users\Nydia Caro Ponce\Desktop\press-curriculum\wp-includes\functions.php on line 3743
[04-Sep-2018 23:43:31 UTC] PHP Notice:  ob_end_flush(): failed to send buffer of zlib output compression (1) in C:\Users\Nydia Caro Ponce\Desktop\press-curriculum\wp-includes\functions.php on line 3743
[04-Sep-2018 23:43:31 UTC] PHP Notice:  ob_end_flush(): failed to send buffer of zlib output compression (1) in C:\Users\Nydia Caro Ponce\Desktop\press-curriculum\wp-includes\functions.php on line 3743
[04-Sep-2018 23:43:43 UTC] PHP Notice:  ob_end_flush(): failed to send buffer of zlib output compression (1) in C:\Users\Nydia Caro Ponce\Desktop\press-curriculum\wp-includes\functions.php on line 3743
[04-Sep-2018 23:43:43 UTC] PHP Notice:  ob_end_flush(): failed to send buffer of zlib output compression (1) in C:\Users\Nydia Caro Ponce\Desktop\press-curriculum\wp-includes\functions.php on line 3743
[04-Sep-2018 23:44:00 UTC] PHP Notice:  ob_end_flush(): failed to send buffer of zlib output compression (1) in C:\Users\Nydia Caro Ponce\Desktop\press-curriculum\wp-includes\functions.php on line 3743
[04-Sep-2018 23:44:01 UTC] PHP Notice:  ob_end_flush(): failed to send buffer of zlib output compression (1) in C:\Users\Nydia Caro Ponce\Desktop\press-curriculum\wp-includes\functions.php on line 3743
[04-Sep-2018 23:44:27 UTC] PHP Notice:  ob_end_flush(): failed to send buffer of zlib output compression (1) in C:\Users\Nydia Caro Ponce\Desktop\press-curriculum\wp-includes\functions.php on line 3743
[04-Sep-2018 23:44:27 UTC] PHP Notice:  ob_end_flush(): failed to send buffer of zlib output compression (1) in C:\Users\Nydia Caro Ponce\Desktop\press-curriculum\wp-includes\functions.php on line 3743
[04-Sep-2018 23:44:36 UTC] PHP Notice:  ob_end_flush(): failed to send buffer of zlib output compression (1) in C:\Users\Nydia Caro Ponce\Desktop\press-curriculum\wp-includes\functions.php on line 3743
[04-Sep-2018 23:44:36 UTC] PHP Notice:  ob_end_flush(): failed to send buffer of zlib output compression (1) in C:\Users\Nydia Caro Ponce\Desktop\press-curriculum\wp-includes\functions.php on line 3743
[04-Sep-2018 23:46:05 UTC] PHP Notice:  ob_end_flush(): failed to send buffer of zlib output compression (1) in C:\Users\Nydia Caro Ponce\Desktop\press-curriculum\wp-includes\functions.php on line 3743
[04-Sep-2018 23:46:05 UTC] PHP Notice:  ob_end_flush(): failed to send buffer of zlib output compression (1) in C:\Users\Nydia Caro Ponce\Desktop\press-curriculum\wp-includes\functions.php on line 3743
[04-Sep-2018 23:47:58 UTC] PHP Notice:  ob_end_flush(): failed to send buffer of zlib output compression (1) in C:\Users\Nydia Caro Ponce\Desktop\press-curriculum\wp-includes\functions.php on line 3743
[04-Sep-2018 23:47:58 UTC] PHP Notice:  ob_end_flush(): failed to send buffer of zlib output compression (1) in C:\Users\Nydia Caro Ponce\Desktop\press-curriculum\wp-includes\functions.php on line 3743
[04-Sep-2018 23:48:00 UTC] PHP Notice:  ob_end_flush(): failed to send buffer of zlib output compression (1) in C:\Users\Nydia Caro Ponce\Desktop\press-curriculum\wp-includes\functions.php on line 3743
[04-Sep-2018 23:48:00 UTC] PHP Notice:  ob_end_flush(): failed to send buffer of zlib output compression (1) in C:\Users\Nydia Caro Ponce\Desktop\press-curriculum\wp-includes\functions.php on line 3743
[04-Sep-2018 23:48:03 UTC] PHP Notice:  ob_end_flush(): failed to send buffer of zlib output compression (1) in C:\Users\Nydia Caro Ponce\Desktop\press-curriculum\wp-includes\functions.php on line 3743
[04-Sep-2018 23:48:03 UTC] PHP Notice:  ob_end_flush(): failed to send buffer of zlib output compression (1) in C:\Users\Nydia Caro Ponce\Desktop\press-curriculum\wp-includes\functions.php on line 3743
[04-Sep-2018 23:48:24 UTC] PHP Notice:  ob_end_flush(): failed to send buffer of zlib output compression (1) in C:\Users\Nydia Caro Ponce\Desktop\press-curriculum\wp-includes\functions.php on line 3743
[04-Sep-2018 23:48:24 UTC] PHP Notice:  ob_end_flush(): failed to send buffer of zlib output compression (1) in C:\Users\Nydia Caro Ponce\Desktop\press-curriculum\wp-includes\functions.php on line 3743
[04-Sep-2018 23:48:25 UTC] PHP Notice:  ob_end_flush(): failed to send buffer of zlib output compression (1) in C:\Users\Nydia Caro Ponce\Desktop\press-curriculum\wp-includes\functions.php on line 3743
[04-Sep-2018 23:48:25 UTC] PHP Notice:  ob_end_flush(): failed to send buffer of zlib output compression (1) in C:\Users\Nydia Caro Ponce\Desktop\press-curriculum\wp-includes\functions.php on line 3743
[05-Sep-2018 00:56:01 UTC] PHP Notice:  ob_end_flush(): failed to send buffer of zlib output compression (1) in C:\Users\Nydia Caro Ponce\Desktop\press-curriculum\wp-includes\functions.php on line 3743
[05-Sep-2018 00:56:01 UTC] PHP Notice:  ob_end_flush(): failed to send buffer of zlib output compression (1) in C:\Users\Nydia Caro Ponce\Desktop\press-curriculum\wp-includes\functions.php on line 3743
